{"/Users/josesilva/aicavity/mosh/node.js/14.0.test-driven-dev/jose-test-dev/vidly/index.js": {"path":"/Users/josesilva/aicavity/mosh/node.js/14.0.test-driven-dev/jose-test-dev/vidly/index.js","statementMap":{"0":{"start":{"line":1,"column":16},"end":{"line":1,"column":34}},"1":{"start":{"line":2,"column":16},"end":{"line":2,"column":34}},"2":{"start":{"line":3,"column":12},"end":{"line":3,"column":21}},"3":{"start":{"line":5,"column":0},"end":{"line":5,"column":31}},"4":{"start":{"line":6,"column":0},"end":{"line":6,"column":33}},"5":{"start":{"line":7,"column":0},"end":{"line":7,"column":26}},"6":{"start":{"line":8,"column":0},"end":{"line":8,"column":30}},"7":{"start":{"line":9,"column":0},"end":{"line":9,"column":32}},"8":{"start":{"line":11,"column":13},"end":{"line":11,"column":37}},"9":{"start":{"line":13,"column":15},"end":{"line":15,"column":1}},"10":{"start":{"line":14,"column":2},"end":{"line":14,"column":46}},"11":{"start":{"line":17,"column":0},"end":{"line":17,"column":24}}},"fnMap":{"0":{"name":"(anonymous_0)","decl":{"start":{"line":13,"column":32},"end":{"line":13,"column":33}},"loc":{"start":{"line":14,"column":2},"end":{"line":14,"column":46}},"line":14}},"branchMap":{"0":{"loc":{"start":{"line":11,"column":13},"end":{"line":11,"column":37}},"type":"binary-expr","locations":[{"start":{"line":11,"column":13},"end":{"line":11,"column":29}},{"start":{"line":11,"column":33},"end":{"line":11,"column":37}}],"line":11}},"s":{"0":3,"1":3,"2":3,"3":3,"4":3,"5":3,"6":3,"7":3,"8":3,"9":3,"10":3,"11":3},"f":{"0":3},"b":{"0":[3,3]},"_coverageSchema":"1a1c01bbd47fc00a2c39e90264f33305004495a9","hash":"0546fb91a4cf0f52fac4d44001b0c94a4f70ee86"}
,"/Users/josesilva/aicavity/mosh/node.js/14.0.test-driven-dev/jose-test-dev/vidly/middleware/admin.js": {"path":"/Users/josesilva/aicavity/mosh/node.js/14.0.test-driven-dev/jose-test-dev/vidly/middleware/admin.js","statementMap":{"0":{"start":{"line":1,"column":0},"end":{"line":7,"column":2}},"1":{"start":{"line":4,"column":2},"end":{"line":4,"column":71}},"2":{"start":{"line":4,"column":25},"end":{"line":4,"column":71}},"3":{"start":{"line":6,"column":2},"end":{"line":6,"column":9}}},"fnMap":{"0":{"name":"(anonymous_0)","decl":{"start":{"line":1,"column":17},"end":{"line":1,"column":18}},"loc":{"start":{"line":1,"column":43},"end":{"line":7,"column":1}},"line":1}},"branchMap":{"0":{"loc":{"start":{"line":4,"column":2},"end":{"line":4,"column":71}},"type":"if","locations":[{"start":{"line":4,"column":2},"end":{"line":4,"column":71}},{"start":{},"end":{}}],"line":4}},"s":{"0":3,"1":5,"2":1,"3":4},"f":{"0":5},"b":{"0":[1,4]},"_coverageSchema":"1a1c01bbd47fc00a2c39e90264f33305004495a9","hash":"960f6bfdd29f7ad4b89acc1728fc59a663f38759"}
,"/Users/josesilva/aicavity/mosh/node.js/14.0.test-driven-dev/jose-test-dev/vidly/middleware/async.js": {"path":"/Users/josesilva/aicavity/mosh/node.js/14.0.test-driven-dev/jose-test-dev/vidly/middleware/async.js","statementMap":{"0":{"start":{"line":2,"column":2},"end":{"line":8,"column":4}},"1":{"start":{"line":3,"column":4},"end":{"line":7,"column":5}},"2":{"start":{"line":4,"column":6},"end":{"line":4,"column":30}},"3":{"start":{"line":6,"column":6},"end":{"line":6,"column":15}},"4":{"start":{"line":11,"column":0},"end":{"line":11,"column":33}}},"fnMap":{"0":{"name":"asyncMiddleware","decl":{"start":{"line":1,"column":9},"end":{"line":1,"column":24}},"loc":{"start":{"line":1,"column":34},"end":{"line":9,"column":1}},"line":1},"1":{"name":"(anonymous_1)","decl":{"start":{"line":2,"column":9},"end":{"line":2,"column":10}},"loc":{"start":{"line":2,"column":35},"end":{"line":8,"column":3}},"line":2}},"branchMap":{},"s":{"0":3,"1":5,"2":5,"3":0,"4":3},"f":{"0":3,"1":5},"b":{},"_coverageSchema":"1a1c01bbd47fc00a2c39e90264f33305004495a9","hash":"81952144245f9da06f7ff887ec9d22a6d15ca70b"}
,"/Users/josesilva/aicavity/mosh/node.js/14.0.test-driven-dev/jose-test-dev/vidly/middleware/auth.js": {"path":"/Users/josesilva/aicavity/mosh/node.js/14.0.test-driven-dev/jose-test-dev/vidly/middleware/auth.js","statementMap":{"0":{"start":{"line":1,"column":12},"end":{"line":1,"column":35}},"1":{"start":{"line":2,"column":15},"end":{"line":2,"column":32}},"2":{"start":{"line":4,"column":0},"end":{"line":15,"column":2}},"3":{"start":{"line":5,"column":16},"end":{"line":5,"column":42}},"4":{"start":{"line":6,"column":2},"end":{"line":6,"column":79}},"5":{"start":{"line":6,"column":14},"end":{"line":6,"column":79}},"6":{"start":{"line":8,"column":2},"end":{"line":14,"column":3}},"7":{"start":{"line":9,"column":20},"end":{"line":9,"column":66}},"8":{"start":{"line":10,"column":4},"end":{"line":10,"column":23}},"9":{"start":{"line":11,"column":4},"end":{"line":11,"column":11}},"10":{"start":{"line":13,"column":4},"end":{"line":13,"column":43}}},"fnMap":{"0":{"name":"(anonymous_0)","decl":{"start":{"line":4,"column":17},"end":{"line":4,"column":18}},"loc":{"start":{"line":4,"column":43},"end":{"line":15,"column":1}},"line":4}},"branchMap":{"0":{"loc":{"start":{"line":6,"column":2},"end":{"line":6,"column":79}},"type":"if","locations":[{"start":{"line":6,"column":2},"end":{"line":6,"column":79}},{"start":{},"end":{}}],"line":6}},"s":{"0":4,"1":4,"2":4,"3":32,"4":32,"5":5,"6":27,"7":27,"8":26,"9":26,"10":1},"f":{"0":32},"b":{"0":[5,27]},"_coverageSchema":"1a1c01bbd47fc00a2c39e90264f33305004495a9","hash":"8bec1debe28c8d71e11934f35b08c96b59163f90"}
,"/Users/josesilva/aicavity/mosh/node.js/14.0.test-driven-dev/jose-test-dev/vidly/middleware/error.js": {"path":"/Users/josesilva/aicavity/mosh/node.js/14.0.test-driven-dev/jose-test-dev/vidly/middleware/error.js","statementMap":{"0":{"start":{"line":1,"column":16},"end":{"line":1,"column":34}},"1":{"start":{"line":3,"column":0},"end":{"line":9,"column":2}},"2":{"start":{"line":4,"column":2},"end":{"line":6,"column":5}},"3":{"start":{"line":8,"column":2},"end":{"line":8,"column":44}}},"fnMap":{"0":{"name":"(anonymous_0)","decl":{"start":{"line":3,"column":17},"end":{"line":3,"column":18}},"loc":{"start":{"line":3,"column":48},"end":{"line":9,"column":1}},"line":3}},"branchMap":{},"s":{"0":3,"1":3,"2":0,"3":0},"f":{"0":0},"b":{},"_coverageSchema":"1a1c01bbd47fc00a2c39e90264f33305004495a9","hash":"92cc59ac9be2a22020c23da47904c76d821ef2d6"}
,"/Users/josesilva/aicavity/mosh/node.js/14.0.test-driven-dev/jose-test-dev/vidly/middleware/validate.js": {"path":"/Users/josesilva/aicavity/mosh/node.js/14.0.test-driven-dev/jose-test-dev/vidly/middleware/validate.js","statementMap":{"0":{"start":{"line":1,"column":0},"end":{"line":9,"column":2}},"1":{"start":{"line":2,"column":2},"end":{"line":8,"column":4}},"2":{"start":{"line":5,"column":22},"end":{"line":5,"column":41}},"3":{"start":{"line":6,"column":4},"end":{"line":6,"column":69}},"4":{"start":{"line":6,"column":15},"end":{"line":6,"column":69}},"5":{"start":{"line":7,"column":4},"end":{"line":7,"column":11}}},"fnMap":{"0":{"name":"(anonymous_0)","decl":{"start":{"line":1,"column":17},"end":{"line":1,"column":18}},"loc":{"start":{"line":1,"column":32},"end":{"line":9,"column":1}},"line":1},"1":{"name":"(anonymous_1)","decl":{"start":{"line":2,"column":9},"end":{"line":2,"column":10}},"loc":{"start":{"line":2,"column":29},"end":{"line":8,"column":3}},"line":2}},"branchMap":{"0":{"loc":{"start":{"line":6,"column":4},"end":{"line":6,"column":69}},"type":"if","locations":[{"start":{"line":6,"column":4},"end":{"line":6,"column":69}},{"start":{},"end":{}}],"line":6}},"s":{"0":3,"1":3,"2":9,"3":9,"4":2,"5":7},"f":{"0":3,"1":9},"b":{"0":[2,7]},"_coverageSchema":"1a1c01bbd47fc00a2c39e90264f33305004495a9","hash":"39ba7f27714cf74fc4d554124cf73cc9677827ee"}
,"/Users/josesilva/aicavity/mosh/node.js/14.0.test-driven-dev/jose-test-dev/vidly/middleware/validateObjectId.js": {"path":"/Users/josesilva/aicavity/mosh/node.js/14.0.test-driven-dev/jose-test-dev/vidly/middleware/validateObjectId.js","statementMap":{"0":{"start":{"line":1,"column":17},"end":{"line":1,"column":36}},"1":{"start":{"line":3,"column":0},"end":{"line":7,"column":2}},"2":{"start":{"line":4,"column":2},"end":{"line":5,"column":47}},"3":{"start":{"line":5,"column":4},"end":{"line":5,"column":47}},"4":{"start":{"line":6,"column":2},"end":{"line":6,"column":9}}},"fnMap":{"0":{"name":"(anonymous_0)","decl":{"start":{"line":3,"column":17},"end":{"line":3,"column":18}},"loc":{"start":{"line":3,"column":43},"end":{"line":7,"column":1}},"line":3}},"branchMap":{"0":{"loc":{"start":{"line":4,"column":2},"end":{"line":5,"column":47}},"type":"if","locations":[{"start":{"line":4,"column":2},"end":{"line":5,"column":47}},{"start":{},"end":{}}],"line":4}},"s":{"0":3,"1":3,"2":13,"3":3,"4":10},"f":{"0":13},"b":{"0":[3,10]},"_coverageSchema":"1a1c01bbd47fc00a2c39e90264f33305004495a9","hash":"2f361b7f9f08c9a64c29aa3cfcb3735694e4d2c0"}
,"/Users/josesilva/aicavity/mosh/node.js/14.0.test-driven-dev/jose-test-dev/vidly/models/customer.js": {"path":"/Users/josesilva/aicavity/mosh/node.js/14.0.test-driven-dev/jose-test-dev/vidly/models/customer.js","statementMap":{"0":{"start":{"line":1,"column":12},"end":{"line":1,"column":26}},"1":{"start":{"line":2,"column":17},"end":{"line":2,"column":36}},"2":{"start":{"line":4,"column":23},"end":{"line":21,"column":2}},"3":{"start":{"line":23,"column":17},"end":{"line":23,"column":59}},"4":{"start":{"line":26,"column":17},"end":{"line":30,"column":4}},"5":{"start":{"line":31,"column":21},"end":{"line":31,"column":46}},"6":{"start":{"line":32,"column":2},"end":{"line":32,"column":20}},"7":{"start":{"line":35,"column":0},"end":{"line":35,"column":28}},"8":{"start":{"line":36,"column":0},"end":{"line":36,"column":44}}},"fnMap":{"0":{"name":"validateCustomer","decl":{"start":{"line":25,"column":9},"end":{"line":25,"column":25}},"loc":{"start":{"line":25,"column":36},"end":{"line":33,"column":1}},"line":25}},"branchMap":{},"s":{"0":3,"1":3,"2":3,"3":3,"4":0,"5":0,"6":0,"7":3,"8":3},"f":{"0":0},"b":{},"_coverageSchema":"1a1c01bbd47fc00a2c39e90264f33305004495a9","hash":"75b2fe855db73090b0cd7a30c6298d3279a08359"}
,"/Users/josesilva/aicavity/mosh/node.js/14.0.test-driven-dev/jose-test-dev/vidly/models/genre.js": {"path":"/Users/josesilva/aicavity/mosh/node.js/14.0.test-driven-dev/jose-test-dev/vidly/models/genre.js","statementMap":{"0":{"start":{"line":1,"column":12},"end":{"line":1,"column":26}},"1":{"start":{"line":2,"column":17},"end":{"line":2,"column":36}},"2":{"start":{"line":4,"column":20},"end":{"line":11,"column":2}},"3":{"start":{"line":13,"column":14},"end":{"line":13,"column":50}},"4":{"start":{"line":16,"column":17},"end":{"line":18,"column":4}},"5":{"start":{"line":19,"column":21},"end":{"line":19,"column":43}},"6":{"start":{"line":20,"column":2},"end":{"line":20,"column":20}},"7":{"start":{"line":23,"column":0},"end":{"line":23,"column":34}},"8":{"start":{"line":24,"column":0},"end":{"line":24,"column":22}},"9":{"start":{"line":25,"column":0},"end":{"line":25,"column":38}}},"fnMap":{"0":{"name":"validateGenre","decl":{"start":{"line":15,"column":9},"end":{"line":15,"column":22}},"loc":{"start":{"line":15,"column":30},"end":{"line":21,"column":1}},"line":15}},"branchMap":{},"s":{"0":3,"1":3,"2":3,"3":3,"4":10,"5":10,"6":10,"7":3,"8":3,"9":3},"f":{"0":10},"b":{},"_coverageSchema":"1a1c01bbd47fc00a2c39e90264f33305004495a9","hash":"673b4a305413f9732f887d6466a0b88f177257c8"}
,"/Users/josesilva/aicavity/mosh/node.js/14.0.test-driven-dev/jose-test-dev/vidly/models/movie.js": {"path":"/Users/josesilva/aicavity/mosh/node.js/14.0.test-driven-dev/jose-test-dev/vidly/models/movie.js","statementMap":{"0":{"start":{"line":1,"column":12},"end":{"line":1,"column":26}},"1":{"start":{"line":2,"column":17},"end":{"line":2,"column":36}},"2":{"start":{"line":3,"column":24},"end":{"line":3,"column":42}},"3":{"start":{"line":5,"column":20},"end":{"line":29,"column":2}},"4":{"start":{"line":31,"column":14},"end":{"line":31,"column":51}},"5":{"start":{"line":36,"column":17},"end":{"line":41,"column":4}},"6":{"start":{"line":43,"column":21},"end":{"line":43,"column":43}},"7":{"start":{"line":44,"column":2},"end":{"line":44,"column":20}},"8":{"start":{"line":47,"column":0},"end":{"line":47,"column":22}},"9":{"start":{"line":48,"column":0},"end":{"line":48,"column":38}}},"fnMap":{"0":{"name":"validateMovie","decl":{"start":{"line":35,"column":9},"end":{"line":35,"column":22}},"loc":{"start":{"line":35,"column":30},"end":{"line":45,"column":1}},"line":35}},"branchMap":{},"s":{"0":3,"1":3,"2":3,"3":3,"4":3,"5":0,"6":0,"7":0,"8":3,"9":3},"f":{"0":0},"b":{},"_coverageSchema":"1a1c01bbd47fc00a2c39e90264f33305004495a9","hash":"4bc934f5a7de71a29ffe98d5f8b9a88fd0858da2"}
,"/Users/josesilva/aicavity/mosh/node.js/14.0.test-driven-dev/jose-test-dev/vidly/models/rental.js": {"path":"/Users/josesilva/aicavity/mosh/node.js/14.0.test-driven-dev/jose-test-dev/vidly/models/rental.js","statementMap":{"0":{"start":{"line":1,"column":12},"end":{"line":1,"column":26}},"1":{"start":{"line":2,"column":17},"end":{"line":2,"column":36}},"2":{"start":{"line":3,"column":15},"end":{"line":3,"column":32}},"3":{"start":{"line":5,"column":21},"end":{"line":57,"column":2}},"4":{"start":{"line":59,"column":0},"end":{"line":66,"column":2}},"5":{"start":{"line":61,"column":2},"end":{"line":65,"column":5}},"6":{"start":{"line":68,"column":0},"end":{"line":74,"column":2}},"7":{"start":{"line":70,"column":2},"end":{"line":70,"column":33}},"8":{"start":{"line":72,"column":21},"end":{"line":72,"column":56}},"9":{"start":{"line":73,"column":2},"end":{"line":73,"column":59}},"10":{"start":{"line":76,"column":15},"end":{"line":76,"column":53}},"11":{"start":{"line":79,"column":17},"end":{"line":82,"column":4}},"12":{"start":{"line":83,"column":21},"end":{"line":83,"column":44}},"13":{"start":{"line":84,"column":2},"end":{"line":84,"column":20}},"14":{"start":{"line":87,"column":0},"end":{"line":87,"column":24}},"15":{"start":{"line":88,"column":0},"end":{"line":88,"column":40}}},"fnMap":{"0":{"name":"(anonymous_0)","decl":{"start":{"line":59,"column":30},"end":{"line":59,"column":31}},"loc":{"start":{"line":59,"column":61},"end":{"line":66,"column":1}},"line":59},"1":{"name":"(anonymous_1)","decl":{"start":{"line":68,"column":30},"end":{"line":68,"column":31}},"loc":{"start":{"line":68,"column":42},"end":{"line":74,"column":1}},"line":68},"2":{"name":"validateRental","decl":{"start":{"line":78,"column":9},"end":{"line":78,"column":23}},"loc":{"start":{"line":78,"column":32},"end":{"line":85,"column":1}},"line":78}},"branchMap":{},"s":{"0":3,"1":3,"2":3,"3":3,"4":3,"5":7,"6":3,"7":5,"8":5,"9":5,"10":3,"11":0,"12":0,"13":0,"14":3,"15":3},"f":{"0":7,"1":5,"2":0},"b":{},"_coverageSchema":"1a1c01bbd47fc00a2c39e90264f33305004495a9","hash":"47a3258fdb09769ba369d8047b595b1d7c1560b5"}
,"/Users/josesilva/aicavity/mosh/node.js/14.0.test-driven-dev/jose-test-dev/vidly/models/user.js": {"path":"/Users/josesilva/aicavity/mosh/node.js/14.0.test-driven-dev/jose-test-dev/vidly/models/user.js","statementMap":{"0":{"start":{"line":1,"column":15},"end":{"line":1,"column":32}},"1":{"start":{"line":2,"column":12},"end":{"line":2,"column":35}},"2":{"start":{"line":3,"column":12},"end":{"line":3,"column":26}},"3":{"start":{"line":4,"column":17},"end":{"line":4,"column":36}},"4":{"start":{"line":6,"column":19},"end":{"line":27,"column":2}},"5":{"start":{"line":29,"column":0},"end":{"line":35,"column":2}},"6":{"start":{"line":30,"column":16},"end":{"line":33,"column":3}},"7":{"start":{"line":34,"column":2},"end":{"line":34,"column":15}},"8":{"start":{"line":37,"column":13},"end":{"line":37,"column":47}},"9":{"start":{"line":40,"column":17},"end":{"line":44,"column":4}},"10":{"start":{"line":45,"column":21},"end":{"line":45,"column":42}},"11":{"start":{"line":46,"column":2},"end":{"line":46,"column":20}},"12":{"start":{"line":49,"column":0},"end":{"line":49,"column":32}},"13":{"start":{"line":50,"column":0},"end":{"line":50,"column":20}},"14":{"start":{"line":51,"column":0},"end":{"line":51,"column":36}}},"fnMap":{"0":{"name":"(anonymous_0)","decl":{"start":{"line":29,"column":39},"end":{"line":29,"column":40}},"loc":{"start":{"line":29,"column":51},"end":{"line":35,"column":1}},"line":29},"1":{"name":"validateUser","decl":{"start":{"line":39,"column":9},"end":{"line":39,"column":21}},"loc":{"start":{"line":39,"column":28},"end":{"line":47,"column":1}},"line":39}},"branchMap":{},"s":{"0":5,"1":5,"2":5,"3":5,"4":5,"5":5,"6":34,"7":34,"8":5,"9":0,"10":0,"11":0,"12":5,"13":5,"14":5},"f":{"0":34,"1":0},"b":{},"_coverageSchema":"1a1c01bbd47fc00a2c39e90264f33305004495a9","hash":"79aae3ec36e718ea259508e0990a17fadcf35408"}
,"/Users/josesilva/aicavity/mosh/node.js/14.0.test-driven-dev/jose-test-dev/vidly/routes/auth.js": {"path":"/Users/josesilva/aicavity/mosh/node.js/14.0.test-driven-dev/jose-test-dev/vidly/routes/auth.js","statementMap":{"0":{"start":{"line":1,"column":12},"end":{"line":1,"column":26}},"1":{"start":{"line":2,"column":15},"end":{"line":2,"column":32}},"2":{"start":{"line":3,"column":10},"end":{"line":3,"column":27}},"3":{"start":{"line":4,"column":17},"end":{"line":4,"column":42}},"4":{"start":{"line":5,"column":17},"end":{"line":5,"column":36}},"5":{"start":{"line":6,"column":16},"end":{"line":6,"column":34}},"6":{"start":{"line":7,"column":18},"end":{"line":7,"column":32}},"7":{"start":{"line":8,"column":15},"end":{"line":8,"column":31}},"8":{"start":{"line":11,"column":0},"end":{"line":27,"column":3}},"9":{"start":{"line":13,"column":20},"end":{"line":13,"column":42}},"10":{"start":{"line":14,"column":2},"end":{"line":14,"column":67}},"11":{"start":{"line":14,"column":13},"end":{"line":14,"column":67}},"12":{"start":{"line":16,"column":13},"end":{"line":16,"column":58}},"13":{"start":{"line":17,"column":2},"end":{"line":17,"column":71}},"14":{"start":{"line":17,"column":13},"end":{"line":17,"column":71}},"15":{"start":{"line":20,"column":24},"end":{"line":20,"column":78}},"16":{"start":{"line":21,"column":2},"end":{"line":22,"column":62}},"17":{"start":{"line":22,"column":4},"end":{"line":22,"column":62}},"18":{"start":{"line":24,"column":16},"end":{"line":24,"column":40}},"19":{"start":{"line":26,"column":2},"end":{"line":26,"column":18}},"20":{"start":{"line":32,"column":17},"end":{"line":35,"column":4}},"21":{"start":{"line":36,"column":21},"end":{"line":36,"column":41}},"22":{"start":{"line":37,"column":2},"end":{"line":37,"column":20}},"23":{"start":{"line":40,"column":0},"end":{"line":40,"column":24}}},"fnMap":{"0":{"name":"(anonymous_0)","decl":{"start":{"line":11,"column":17},"end":{"line":11,"column":18}},"loc":{"start":{"line":11,"column":37},"end":{"line":27,"column":1}},"line":11},"1":{"name":"validateUser","decl":{"start":{"line":31,"column":9},"end":{"line":31,"column":21}},"loc":{"start":{"line":31,"column":27},"end":{"line":38,"column":1}},"line":31}},"branchMap":{"0":{"loc":{"start":{"line":14,"column":2},"end":{"line":14,"column":67}},"type":"if","locations":[{"start":{"line":14,"column":2},"end":{"line":14,"column":67}},{"start":{},"end":{}}],"line":14},"1":{"loc":{"start":{"line":17,"column":2},"end":{"line":17,"column":71}},"type":"if","locations":[{"start":{"line":17,"column":2},"end":{"line":17,"column":71}},{"start":{},"end":{}}],"line":17},"2":{"loc":{"start":{"line":21,"column":2},"end":{"line":22,"column":62}},"type":"if","locations":[{"start":{"line":21,"column":2},"end":{"line":22,"column":62}},{"start":{},"end":{}}],"line":21}},"s":{"0":3,"1":3,"2":3,"3":3,"4":3,"5":3,"6":3,"7":3,"8":3,"9":0,"10":0,"11":0,"12":0,"13":0,"14":0,"15":0,"16":0,"17":0,"18":0,"19":0,"20":0,"21":0,"22":0,"23":3},"f":{"0":0,"1":0},"b":{"0":[0,0],"1":[0,0],"2":[0,0]},"_coverageSchema":"1a1c01bbd47fc00a2c39e90264f33305004495a9","hash":"1169efaedf860ab051def4fd133e381a5b0989d0"}
,"/Users/josesilva/aicavity/mosh/node.js/14.0.test-driven-dev/jose-test-dev/vidly/routes/customers.js": {"path":"/Users/josesilva/aicavity/mosh/node.js/14.0.test-driven-dev/jose-test-dev/vidly/routes/customers.js","statementMap":{"0":{"start":{"line":1,"column":39},"end":{"line":1,"column":68}},"1":{"start":{"line":2,"column":17},"end":{"line":2,"column":36}},"2":{"start":{"line":3,"column":16},"end":{"line":3,"column":34}},"3":{"start":{"line":4,"column":15},"end":{"line":4,"column":31}},"4":{"start":{"line":6,"column":0},"end":{"line":9,"column":3}},"5":{"start":{"line":7,"column":20},"end":{"line":7,"column":54}},"6":{"start":{"line":8,"column":2},"end":{"line":8,"column":22}},"7":{"start":{"line":11,"column":0},"end":{"line":23,"column":3}},"8":{"start":{"line":12,"column":20},"end":{"line":12,"column":46}},"9":{"start":{"line":13,"column":2},"end":{"line":13,"column":67}},"10":{"start":{"line":13,"column":13},"end":{"line":13,"column":67}},"11":{"start":{"line":15,"column":17},"end":{"line":19,"column":4}},"12":{"start":{"line":20,"column":2},"end":{"line":20,"column":35}},"13":{"start":{"line":22,"column":2},"end":{"line":22,"column":21}},"14":{"start":{"line":25,"column":0},"end":{"line":45,"column":3}},"15":{"start":{"line":26,"column":20},"end":{"line":26,"column":46}},"16":{"start":{"line":27,"column":2},"end":{"line":27,"column":67}},"17":{"start":{"line":27,"column":13},"end":{"line":27,"column":67}},"18":{"start":{"line":29,"column":19},"end":{"line":37,"column":3}},"19":{"start":{"line":39,"column":2},"end":{"line":42,"column":61}},"20":{"start":{"line":40,"column":4},"end":{"line":42,"column":61}},"21":{"start":{"line":44,"column":2},"end":{"line":44,"column":21}},"22":{"start":{"line":47,"column":0},"end":{"line":56,"column":3}},"23":{"start":{"line":48,"column":19},"end":{"line":48,"column":66}},"24":{"start":{"line":50,"column":2},"end":{"line":53,"column":61}},"25":{"start":{"line":51,"column":4},"end":{"line":53,"column":61}},"26":{"start":{"line":55,"column":2},"end":{"line":55,"column":21}},"27":{"start":{"line":58,"column":0},"end":{"line":67,"column":3}},"28":{"start":{"line":59,"column":19},"end":{"line":59,"column":57}},"29":{"start":{"line":61,"column":2},"end":{"line":64,"column":61}},"30":{"start":{"line":62,"column":4},"end":{"line":64,"column":61}},"31":{"start":{"line":66,"column":2},"end":{"line":66,"column":21}},"32":{"start":{"line":69,"column":0},"end":{"line":69,"column":24}}},"fnMap":{"0":{"name":"(anonymous_0)","decl":{"start":{"line":6,"column":16},"end":{"line":6,"column":17}},"loc":{"start":{"line":6,"column":36},"end":{"line":9,"column":1}},"line":6},"1":{"name":"(anonymous_1)","decl":{"start":{"line":11,"column":17},"end":{"line":11,"column":18}},"loc":{"start":{"line":11,"column":37},"end":{"line":23,"column":1}},"line":11},"2":{"name":"(anonymous_2)","decl":{"start":{"line":25,"column":19},"end":{"line":25,"column":20}},"loc":{"start":{"line":25,"column":39},"end":{"line":45,"column":1}},"line":25},"3":{"name":"(anonymous_3)","decl":{"start":{"line":47,"column":22},"end":{"line":47,"column":23}},"loc":{"start":{"line":47,"column":42},"end":{"line":56,"column":1}},"line":47},"4":{"name":"(anonymous_4)","decl":{"start":{"line":58,"column":19},"end":{"line":58,"column":20}},"loc":{"start":{"line":58,"column":39},"end":{"line":67,"column":1}},"line":58}},"branchMap":{"0":{"loc":{"start":{"line":13,"column":2},"end":{"line":13,"column":67}},"type":"if","locations":[{"start":{"line":13,"column":2},"end":{"line":13,"column":67}},{"start":{},"end":{}}],"line":13},"1":{"loc":{"start":{"line":27,"column":2},"end":{"line":27,"column":67}},"type":"if","locations":[{"start":{"line":27,"column":2},"end":{"line":27,"column":67}},{"start":{},"end":{}}],"line":27},"2":{"loc":{"start":{"line":39,"column":2},"end":{"line":42,"column":61}},"type":"if","locations":[{"start":{"line":39,"column":2},"end":{"line":42,"column":61}},{"start":{},"end":{}}],"line":39},"3":{"loc":{"start":{"line":50,"column":2},"end":{"line":53,"column":61}},"type":"if","locations":[{"start":{"line":50,"column":2},"end":{"line":53,"column":61}},{"start":{},"end":{}}],"line":50},"4":{"loc":{"start":{"line":61,"column":2},"end":{"line":64,"column":61}},"type":"if","locations":[{"start":{"line":61,"column":2},"end":{"line":64,"column":61}},{"start":{},"end":{}}],"line":61}},"s":{"0":3,"1":3,"2":3,"3":3,"4":3,"5":0,"6":0,"7":3,"8":0,"9":0,"10":0,"11":0,"12":0,"13":0,"14":3,"15":0,"16":0,"17":0,"18":0,"19":0,"20":0,"21":0,"22":3,"23":0,"24":0,"25":0,"26":0,"27":3,"28":0,"29":0,"30":0,"31":0,"32":3},"f":{"0":0,"1":0,"2":0,"3":0,"4":0},"b":{"0":[0,0],"1":[0,0],"2":[0,0],"3":[0,0],"4":[0,0]},"_coverageSchema":"1a1c01bbd47fc00a2c39e90264f33305004495a9","hash":"9999625e6fbf7a1975ed020b3540dd357ed28ece"}
,"/Users/josesilva/aicavity/mosh/node.js/14.0.test-driven-dev/jose-test-dev/vidly/routes/genres.js": {"path":"/Users/josesilva/aicavity/mosh/node.js/14.0.test-driven-dev/jose-test-dev/vidly/routes/genres.js","statementMap":{"0":{"start":{"line":1,"column":25},"end":{"line":1,"column":66}},"1":{"start":{"line":2,"column":24},"end":{"line":2,"column":54}},"2":{"start":{"line":3,"column":14},"end":{"line":3,"column":44}},"3":{"start":{"line":4,"column":13},"end":{"line":4,"column":42}},"4":{"start":{"line":5,"column":33},"end":{"line":5,"column":59}},"5":{"start":{"line":6,"column":17},"end":{"line":6,"column":36}},"6":{"start":{"line":7,"column":16},"end":{"line":7,"column":34}},"7":{"start":{"line":8,"column":15},"end":{"line":8,"column":31}},"8":{"start":{"line":36,"column":0},"end":{"line":46,"column":3}},"9":{"start":{"line":39,"column":17},"end":{"line":39,"column":48}},"10":{"start":{"line":40,"column":2},"end":{"line":40,"column":19}},"11":{"start":{"line":54,"column":0},"end":{"line":66,"column":2}},"12":{"start":{"line":58,"column":22},"end":{"line":58,"column":45}},"13":{"start":{"line":59,"column":4},"end":{"line":59,"column":69}},"14":{"start":{"line":59,"column":15},"end":{"line":59,"column":69}},"15":{"start":{"line":61,"column":16},"end":{"line":61,"column":50}},"16":{"start":{"line":62,"column":4},"end":{"line":62,"column":31}},"17":{"start":{"line":64,"column":4},"end":{"line":64,"column":20}},"18":{"start":{"line":68,"column":0},"end":{"line":84,"column":3}},"19":{"start":{"line":69,"column":20},"end":{"line":69,"column":43}},"20":{"start":{"line":70,"column":2},"end":{"line":70,"column":67}},"21":{"start":{"line":70,"column":13},"end":{"line":70,"column":67}},"22":{"start":{"line":72,"column":16},"end":{"line":78,"column":3}},"23":{"start":{"line":80,"column":2},"end":{"line":81,"column":78}},"24":{"start":{"line":81,"column":4},"end":{"line":81,"column":78}},"25":{"start":{"line":83,"column":2},"end":{"line":83,"column":18}},"26":{"start":{"line":86,"column":0},"end":{"line":93,"column":3}},"27":{"start":{"line":87,"column":16},"end":{"line":87,"column":60}},"28":{"start":{"line":89,"column":2},"end":{"line":90,"column":78}},"29":{"start":{"line":90,"column":4},"end":{"line":90,"column":78}},"30":{"start":{"line":92,"column":2},"end":{"line":92,"column":18}},"31":{"start":{"line":95,"column":0},"end":{"line":104,"column":3}},"32":{"start":{"line":98,"column":16},"end":{"line":98,"column":51}},"33":{"start":{"line":100,"column":2},"end":{"line":101,"column":78}},"34":{"start":{"line":101,"column":4},"end":{"line":101,"column":78}},"35":{"start":{"line":103,"column":2},"end":{"line":103,"column":18}},"36":{"start":{"line":106,"column":0},"end":{"line":106,"column":24}}},"fnMap":{"0":{"name":"(anonymous_0)","decl":{"start":{"line":36,"column":16},"end":{"line":36,"column":17}},"loc":{"start":{"line":36,"column":36},"end":{"line":46,"column":1}},"line":36},"1":{"name":"(anonymous_1)","decl":{"start":{"line":57,"column":18},"end":{"line":57,"column":19}},"loc":{"start":{"line":57,"column":38},"end":{"line":65,"column":3}},"line":57},"2":{"name":"(anonymous_2)","decl":{"start":{"line":68,"column":45},"end":{"line":68,"column":46}},"loc":{"start":{"line":68,"column":65},"end":{"line":84,"column":1}},"line":68},"3":{"name":"(anonymous_3)","decl":{"start":{"line":86,"column":55},"end":{"line":86,"column":56}},"loc":{"start":{"line":86,"column":75},"end":{"line":93,"column":1}},"line":86},"4":{"name":"(anonymous_4)","decl":{"start":{"line":95,"column":37},"end":{"line":95,"column":38}},"loc":{"start":{"line":95,"column":57},"end":{"line":104,"column":1}},"line":95}},"branchMap":{"0":{"loc":{"start":{"line":59,"column":4},"end":{"line":59,"column":69}},"type":"if","locations":[{"start":{"line":59,"column":4},"end":{"line":59,"column":69}},{"start":{},"end":{}}],"line":59},"1":{"loc":{"start":{"line":70,"column":2},"end":{"line":70,"column":67}},"type":"if","locations":[{"start":{"line":70,"column":2},"end":{"line":70,"column":67}},{"start":{},"end":{}}],"line":70},"2":{"loc":{"start":{"line":80,"column":2},"end":{"line":81,"column":78}},"type":"if","locations":[{"start":{"line":80,"column":2},"end":{"line":81,"column":78}},{"start":{},"end":{}}],"line":80},"3":{"loc":{"start":{"line":89,"column":2},"end":{"line":90,"column":78}},"type":"if","locations":[{"start":{"line":89,"column":2},"end":{"line":90,"column":78}},{"start":{},"end":{}}],"line":89},"4":{"loc":{"start":{"line":100,"column":2},"end":{"line":101,"column":78}},"type":"if","locations":[{"start":{"line":100,"column":2},"end":{"line":101,"column":78}},{"start":{},"end":{}}],"line":100}},"s":{"0":3,"1":3,"2":3,"3":3,"4":3,"5":3,"6":3,"7":3,"8":3,"9":1,"10":1,"11":3,"12":5,"13":5,"14":2,"15":3,"16":3,"17":3,"18":3,"19":5,"20":5,"21":2,"22":3,"23":3,"24":1,"25":2,"26":3,"27":3,"28":3,"29":1,"30":2,"31":3,"32":2,"33":2,"34":1,"35":1,"36":3},"f":{"0":1,"1":5,"2":5,"3":3,"4":2},"b":{"0":[2,3],"1":[2,3],"2":[1,2],"3":[1,2],"4":[1,1]},"_coverageSchema":"1a1c01bbd47fc00a2c39e90264f33305004495a9","hash":"27b07de8486b6bb79ceb3b22a7c37e17ca31f1e7"}
,"/Users/josesilva/aicavity/mosh/node.js/14.0.test-driven-dev/jose-test-dev/vidly/routes/movies.js": {"path":"/Users/josesilva/aicavity/mosh/node.js/14.0.test-driven-dev/jose-test-dev/vidly/routes/movies.js","statementMap":{"0":{"start":{"line":1,"column":13},"end":{"line":1,"column":42}},"1":{"start":{"line":2,"column":33},"end":{"line":2,"column":59}},"2":{"start":{"line":3,"column":18},"end":{"line":3,"column":44}},"3":{"start":{"line":4,"column":17},"end":{"line":4,"column":36}},"4":{"start":{"line":5,"column":16},"end":{"line":5,"column":34}},"5":{"start":{"line":6,"column":15},"end":{"line":6,"column":31}},"6":{"start":{"line":8,"column":0},"end":{"line":11,"column":3}},"7":{"start":{"line":9,"column":17},"end":{"line":9,"column":48}},"8":{"start":{"line":10,"column":2},"end":{"line":10,"column":19}},"9":{"start":{"line":13,"column":0},"end":{"line":36,"column":3}},"10":{"start":{"line":14,"column":20},"end":{"line":14,"column":43}},"11":{"start":{"line":15,"column":2},"end":{"line":15,"column":67}},"12":{"start":{"line":15,"column":13},"end":{"line":15,"column":67}},"13":{"start":{"line":20,"column":16},"end":{"line":20,"column":54}},"14":{"start":{"line":21,"column":2},"end":{"line":21,"column":60}},"15":{"start":{"line":21,"column":14},"end":{"line":21,"column":60}},"16":{"start":{"line":24,"column":16},"end":{"line":32,"column":4}},"17":{"start":{"line":33,"column":2},"end":{"line":33,"column":21}},"18":{"start":{"line":35,"column":2},"end":{"line":35,"column":18}},"19":{"start":{"line":38,"column":0},"end":{"line":63,"column":3}},"20":{"start":{"line":39,"column":20},"end":{"line":39,"column":43}},"21":{"start":{"line":40,"column":2},"end":{"line":40,"column":67}},"22":{"start":{"line":40,"column":13},"end":{"line":40,"column":67}},"23":{"start":{"line":42,"column":16},"end":{"line":42,"column":54}},"24":{"start":{"line":43,"column":2},"end":{"line":43,"column":60}},"25":{"start":{"line":43,"column":14},"end":{"line":43,"column":60}},"26":{"start":{"line":45,"column":16},"end":{"line":57,"column":3}},"27":{"start":{"line":59,"column":2},"end":{"line":60,"column":78}},"28":{"start":{"line":60,"column":4},"end":{"line":60,"column":78}},"29":{"start":{"line":62,"column":2},"end":{"line":62,"column":18}},"30":{"start":{"line":65,"column":0},"end":{"line":72,"column":3}},"31":{"start":{"line":66,"column":16},"end":{"line":66,"column":60}},"32":{"start":{"line":68,"column":2},"end":{"line":69,"column":78}},"33":{"start":{"line":69,"column":4},"end":{"line":69,"column":78}},"34":{"start":{"line":71,"column":2},"end":{"line":71,"column":18}},"35":{"start":{"line":74,"column":0},"end":{"line":81,"column":3}},"36":{"start":{"line":75,"column":16},"end":{"line":75,"column":51}},"37":{"start":{"line":77,"column":2},"end":{"line":78,"column":78}},"38":{"start":{"line":78,"column":4},"end":{"line":78,"column":78}},"39":{"start":{"line":80,"column":2},"end":{"line":80,"column":18}},"40":{"start":{"line":83,"column":0},"end":{"line":83,"column":24}}},"fnMap":{"0":{"name":"(anonymous_0)","decl":{"start":{"line":8,"column":16},"end":{"line":8,"column":17}},"loc":{"start":{"line":8,"column":36},"end":{"line":11,"column":1}},"line":8},"1":{"name":"(anonymous_1)","decl":{"start":{"line":13,"column":23},"end":{"line":13,"column":24}},"loc":{"start":{"line":13,"column":43},"end":{"line":36,"column":1}},"line":13},"2":{"name":"(anonymous_2)","decl":{"start":{"line":38,"column":19},"end":{"line":38,"column":20}},"loc":{"start":{"line":38,"column":39},"end":{"line":63,"column":1}},"line":38},"3":{"name":"(anonymous_3)","decl":{"start":{"line":65,"column":22},"end":{"line":65,"column":23}},"loc":{"start":{"line":65,"column":42},"end":{"line":72,"column":1}},"line":65},"4":{"name":"(anonymous_4)","decl":{"start":{"line":74,"column":19},"end":{"line":74,"column":20}},"loc":{"start":{"line":74,"column":39},"end":{"line":81,"column":1}},"line":74}},"branchMap":{"0":{"loc":{"start":{"line":15,"column":2},"end":{"line":15,"column":67}},"type":"if","locations":[{"start":{"line":15,"column":2},"end":{"line":15,"column":67}},{"start":{},"end":{}}],"line":15},"1":{"loc":{"start":{"line":21,"column":2},"end":{"line":21,"column":60}},"type":"if","locations":[{"start":{"line":21,"column":2},"end":{"line":21,"column":60}},{"start":{},"end":{}}],"line":21},"2":{"loc":{"start":{"line":40,"column":2},"end":{"line":40,"column":67}},"type":"if","locations":[{"start":{"line":40,"column":2},"end":{"line":40,"column":67}},{"start":{},"end":{}}],"line":40},"3":{"loc":{"start":{"line":43,"column":2},"end":{"line":43,"column":60}},"type":"if","locations":[{"start":{"line":43,"column":2},"end":{"line":43,"column":60}},{"start":{},"end":{}}],"line":43},"4":{"loc":{"start":{"line":59,"column":2},"end":{"line":60,"column":78}},"type":"if","locations":[{"start":{"line":59,"column":2},"end":{"line":60,"column":78}},{"start":{},"end":{}}],"line":59},"5":{"loc":{"start":{"line":68,"column":2},"end":{"line":69,"column":78}},"type":"if","locations":[{"start":{"line":68,"column":2},"end":{"line":69,"column":78}},{"start":{},"end":{}}],"line":68},"6":{"loc":{"start":{"line":77,"column":2},"end":{"line":78,"column":78}},"type":"if","locations":[{"start":{"line":77,"column":2},"end":{"line":78,"column":78}},{"start":{},"end":{}}],"line":77}},"s":{"0":3,"1":3,"2":3,"3":3,"4":3,"5":3,"6":3,"7":0,"8":0,"9":3,"10":0,"11":0,"12":0,"13":0,"14":0,"15":0,"16":0,"17":0,"18":0,"19":3,"20":0,"21":0,"22":0,"23":0,"24":0,"25":0,"26":0,"27":0,"28":0,"29":0,"30":3,"31":0,"32":0,"33":0,"34":0,"35":3,"36":0,"37":0,"38":0,"39":0,"40":3},"f":{"0":0,"1":0,"2":0,"3":0,"4":0},"b":{"0":[0,0],"1":[0,0],"2":[0,0],"3":[0,0],"4":[0,0],"5":[0,0],"6":[0,0]},"_coverageSchema":"1a1c01bbd47fc00a2c39e90264f33305004495a9","hash":"6606a70315f47a9a8ca5d7b62bf8eaf33d8d70e5"}
,"/Users/josesilva/aicavity/mosh/node.js/14.0.test-driven-dev/jose-test-dev/vidly/routes/rentals.js": {"path":"/Users/josesilva/aicavity/mosh/node.js/14.0.test-driven-dev/jose-test-dev/vidly/routes/rentals.js","statementMap":{"0":{"start":{"line":1,"column":13},"end":{"line":1,"column":42}},"1":{"start":{"line":2,"column":35},"end":{"line":2,"column":62}},"2":{"start":{"line":3,"column":18},"end":{"line":3,"column":44}},"3":{"start":{"line":4,"column":21},"end":{"line":4,"column":50}},"4":{"start":{"line":5,"column":17},"end":{"line":5,"column":36}},"5":{"start":{"line":6,"column":16},"end":{"line":6,"column":34}},"6":{"start":{"line":7,"column":15},"end":{"line":7,"column":31}},"7":{"start":{"line":9,"column":0},"end":{"line":12,"column":3}},"8":{"start":{"line":10,"column":18},"end":{"line":10,"column":54}},"9":{"start":{"line":11,"column":2},"end":{"line":11,"column":20}},"10":{"start":{"line":14,"column":0},"end":{"line":67,"column":3}},"11":{"start":{"line":16,"column":20},"end":{"line":16,"column":44}},"12":{"start":{"line":17,"column":2},"end":{"line":17,"column":67}},"13":{"start":{"line":17,"column":13},"end":{"line":17,"column":67}},"14":{"start":{"line":23,"column":19},"end":{"line":23,"column":63}},"15":{"start":{"line":24,"column":2},"end":{"line":24,"column":66}},"16":{"start":{"line":24,"column":17},"end":{"line":24,"column":66}},"17":{"start":{"line":27,"column":16},"end":{"line":27,"column":54}},"18":{"start":{"line":28,"column":2},"end":{"line":28,"column":60}},"19":{"start":{"line":28,"column":14},"end":{"line":28,"column":60}},"20":{"start":{"line":31,"column":2},"end":{"line":32,"column":55}},"21":{"start":{"line":32,"column":4},"end":{"line":32,"column":55}},"22":{"start":{"line":34,"column":15},"end":{"line":45,"column":4}},"23":{"start":{"line":46,"column":2},"end":{"line":60,"column":3}},"24":{"start":{"line":48,"column":20},"end":{"line":48,"column":49}},"25":{"start":{"line":49,"column":4},"end":{"line":54,"column":7}},"26":{"start":{"line":50,"column":21},"end":{"line":50,"column":40}},"27":{"start":{"line":51,"column":6},"end":{"line":51,"column":28}},"28":{"start":{"line":52,"column":6},"end":{"line":52,"column":19}},"29":{"start":{"line":53,"column":6},"end":{"line":53,"column":23}},"30":{"start":{"line":56,"column":4},"end":{"line":56,"column":25}},"31":{"start":{"line":57,"column":4},"end":{"line":57,"column":27}},"32":{"start":{"line":59,"column":4},"end":{"line":59,"column":43}},"33":{"start":{"line":69,"column":0},"end":{"line":76,"column":3}},"34":{"start":{"line":70,"column":17},"end":{"line":70,"column":53}},"35":{"start":{"line":72,"column":2},"end":{"line":73,"column":79}},"36":{"start":{"line":73,"column":4},"end":{"line":73,"column":79}},"37":{"start":{"line":75,"column":2},"end":{"line":75,"column":19}},"38":{"start":{"line":78,"column":0},"end":{"line":78,"column":24}}},"fnMap":{"0":{"name":"(anonymous_0)","decl":{"start":{"line":9,"column":16},"end":{"line":9,"column":17}},"loc":{"start":{"line":9,"column":36},"end":{"line":12,"column":1}},"line":9},"1":{"name":"(anonymous_1)","decl":{"start":{"line":14,"column":23},"end":{"line":14,"column":24}},"loc":{"start":{"line":14,"column":43},"end":{"line":67,"column":1}},"line":14},"2":{"name":"(anonymous_2)","decl":{"start":{"line":49,"column":34},"end":{"line":49,"column":35}},"loc":{"start":{"line":49,"column":46},"end":{"line":54,"column":5}},"line":49},"3":{"name":"(anonymous_3)","decl":{"start":{"line":69,"column":19},"end":{"line":69,"column":20}},"loc":{"start":{"line":69,"column":39},"end":{"line":76,"column":1}},"line":69}},"branchMap":{"0":{"loc":{"start":{"line":17,"column":2},"end":{"line":17,"column":67}},"type":"if","locations":[{"start":{"line":17,"column":2},"end":{"line":17,"column":67}},{"start":{},"end":{}}],"line":17},"1":{"loc":{"start":{"line":24,"column":2},"end":{"line":24,"column":66}},"type":"if","locations":[{"start":{"line":24,"column":2},"end":{"line":24,"column":66}},{"start":{},"end":{}}],"line":24},"2":{"loc":{"start":{"line":28,"column":2},"end":{"line":28,"column":60}},"type":"if","locations":[{"start":{"line":28,"column":2},"end":{"line":28,"column":60}},{"start":{},"end":{}}],"line":28},"3":{"loc":{"start":{"line":31,"column":2},"end":{"line":32,"column":55}},"type":"if","locations":[{"start":{"line":31,"column":2},"end":{"line":32,"column":55}},{"start":{},"end":{}}],"line":31},"4":{"loc":{"start":{"line":72,"column":2},"end":{"line":73,"column":79}},"type":"if","locations":[{"start":{"line":72,"column":2},"end":{"line":73,"column":79}},{"start":{},"end":{}}],"line":72}},"s":{"0":3,"1":3,"2":3,"3":3,"4":3,"5":3,"6":3,"7":3,"8":0,"9":0,"10":3,"11":0,"12":0,"13":0,"14":0,"15":0,"16":0,"17":0,"18":0,"19":0,"20":0,"21":0,"22":0,"23":0,"24":0,"25":0,"26":0,"27":0,"28":0,"29":0,"30":0,"31":0,"32":0,"33":3,"34":0,"35":0,"36":0,"37":0,"38":3},"f":{"0":0,"1":0,"2":0,"3":0},"b":{"0":[0,0],"1":[0,0],"2":[0,0],"3":[0,0],"4":[0,0]},"_coverageSchema":"1a1c01bbd47fc00a2c39e90264f33305004495a9","hash":"3c2e253541063f0ed0e049f374f7f04f7743a3da"}
,"/Users/josesilva/aicavity/mosh/node.js/14.0.test-driven-dev/jose-test-dev/vidly/routes/returns.js": {"path":"/Users/josesilva/aicavity/mosh/node.js/14.0.test-driven-dev/jose-test-dev/vidly/routes/returns.js","statementMap":{"0":{"start":{"line":1,"column":12},"end":{"line":1,"column":26}},"1":{"start":{"line":2,"column":0},"end":{"line":2,"column":44}},"2":{"start":{"line":3,"column":17},"end":{"line":3,"column":50}},"3":{"start":{"line":4,"column":19},"end":{"line":4,"column":46}},"4":{"start":{"line":5,"column":18},"end":{"line":5,"column":44}},"5":{"start":{"line":6,"column":13},"end":{"line":6,"column":42}},"6":{"start":{"line":7,"column":16},"end":{"line":7,"column":34}},"7":{"start":{"line":8,"column":15},"end":{"line":8,"column":31}},"8":{"start":{"line":20,"column":0},"end":{"line":59,"column":3}},"9":{"start":{"line":32,"column":17},"end":{"line":32,"column":75}},"10":{"start":{"line":40,"column":2},"end":{"line":40,"column":64}},"11":{"start":{"line":40,"column":15},"end":{"line":40,"column":64}},"12":{"start":{"line":42,"column":2},"end":{"line":43,"column":61}},"13":{"start":{"line":43,"column":4},"end":{"line":43,"column":61}},"14":{"start":{"line":45,"column":2},"end":{"line":45,"column":18}},"15":{"start":{"line":46,"column":2},"end":{"line":46,"column":22}},"16":{"start":{"line":49,"column":2},"end":{"line":54,"column":4}},"17":{"start":{"line":56,"column":2},"end":{"line":56,"column":22}},"18":{"start":{"line":58,"column":2},"end":{"line":58,"column":38}},"19":{"start":{"line":62,"column":17},"end":{"line":65,"column":4}},"20":{"start":{"line":66,"column":2},"end":{"line":66,"column":30}},"21":{"start":{"line":69,"column":0},"end":{"line":69,"column":24}}},"fnMap":{"0":{"name":"(anonymous_0)","decl":{"start":{"line":20,"column":51},"end":{"line":20,"column":52}},"loc":{"start":{"line":20,"column":71},"end":{"line":59,"column":1}},"line":20},"1":{"name":"validateReturn","decl":{"start":{"line":61,"column":9},"end":{"line":61,"column":23}},"loc":{"start":{"line":61,"column":29},"end":{"line":67,"column":1}},"line":61}},"branchMap":{"0":{"loc":{"start":{"line":40,"column":2},"end":{"line":40,"column":64}},"type":"if","locations":[{"start":{"line":40,"column":2},"end":{"line":40,"column":64}},{"start":{},"end":{}}],"line":40},"1":{"loc":{"start":{"line":42,"column":2},"end":{"line":43,"column":61}},"type":"if","locations":[{"start":{"line":42,"column":2},"end":{"line":43,"column":61}},{"start":{},"end":{}}],"line":42}},"s":{"0":3,"1":3,"2":3,"3":3,"4":3,"5":3,"6":3,"7":3,"8":3,"9":7,"10":7,"11":1,"12":6,"13":1,"14":5,"15":5,"16":5,"17":5,"18":5,"19":9,"20":9,"21":3},"f":{"0":7,"1":9},"b":{"0":[1,6],"1":[1,5]},"_coverageSchema":"1a1c01bbd47fc00a2c39e90264f33305004495a9","hash":"2f713f478f9e0405a41f5ba685c7b877a46501ca"}
,"/Users/josesilva/aicavity/mosh/node.js/14.0.test-driven-dev/jose-test-dev/vidly/routes/users.js": {"path":"/Users/josesilva/aicavity/mosh/node.js/14.0.test-driven-dev/jose-test-dev/vidly/routes/users.js","statementMap":{"0":{"start":{"line":1,"column":13},"end":{"line":1,"column":42}},"1":{"start":{"line":2,"column":12},"end":{"line":2,"column":35}},"2":{"start":{"line":3,"column":15},"end":{"line":3,"column":32}},"3":{"start":{"line":4,"column":15},"end":{"line":4,"column":32}},"4":{"start":{"line":5,"column":10},"end":{"line":5,"column":27}},"5":{"start":{"line":6,"column":31},"end":{"line":6,"column":56}},"6":{"start":{"line":7,"column":17},"end":{"line":7,"column":36}},"7":{"start":{"line":8,"column":16},"end":{"line":8,"column":34}},"8":{"start":{"line":9,"column":15},"end":{"line":9,"column":31}},"9":{"start":{"line":13,"column":0},"end":{"line":17,"column":3}},"10":{"start":{"line":15,"column":15},"end":{"line":15,"column":68}},"11":{"start":{"line":16,"column":2},"end":{"line":16,"column":17}},"12":{"start":{"line":19,"column":0},"end":{"line":35,"column":3}},"13":{"start":{"line":21,"column":20},"end":{"line":21,"column":42}},"14":{"start":{"line":22,"column":2},"end":{"line":22,"column":67}},"15":{"start":{"line":22,"column":13},"end":{"line":22,"column":67}},"16":{"start":{"line":24,"column":13},"end":{"line":24,"column":58}},"17":{"start":{"line":25,"column":2},"end":{"line":25,"column":68}},"18":{"start":{"line":25,"column":12},"end":{"line":25,"column":68}},"19":{"start":{"line":27,"column":2},"end":{"line":27,"column":67}},"20":{"start":{"line":28,"column":15},"end":{"line":28,"column":39}},"21":{"start":{"line":29,"column":2},"end":{"line":29,"column":57}},"22":{"start":{"line":31,"column":2},"end":{"line":31,"column":20}},"23":{"start":{"line":33,"column":16},"end":{"line":33,"column":40}},"24":{"start":{"line":34,"column":2},"end":{"line":34,"column":80}},"25":{"start":{"line":37,"column":0},"end":{"line":37,"column":24}}},"fnMap":{"0":{"name":"(anonymous_0)","decl":{"start":{"line":13,"column":24},"end":{"line":13,"column":25}},"loc":{"start":{"line":13,"column":44},"end":{"line":17,"column":1}},"line":13},"1":{"name":"(anonymous_1)","decl":{"start":{"line":19,"column":17},"end":{"line":19,"column":18}},"loc":{"start":{"line":19,"column":37},"end":{"line":35,"column":1}},"line":19}},"branchMap":{"0":{"loc":{"start":{"line":22,"column":2},"end":{"line":22,"column":67}},"type":"if","locations":[{"start":{"line":22,"column":2},"end":{"line":22,"column":67}},{"start":{},"end":{}}],"line":22},"1":{"loc":{"start":{"line":25,"column":2},"end":{"line":25,"column":68}},"type":"if","locations":[{"start":{"line":25,"column":2},"end":{"line":25,"column":68}},{"start":{},"end":{}}],"line":25}},"s":{"0":3,"1":3,"2":3,"3":3,"4":3,"5":3,"6":3,"7":3,"8":3,"9":3,"10":0,"11":0,"12":3,"13":0,"14":0,"15":0,"16":0,"17":0,"18":0,"19":0,"20":0,"21":0,"22":0,"23":0,"24":0,"25":3},"f":{"0":0,"1":0},"b":{"0":[0,0],"1":[0,0]},"_coverageSchema":"1a1c01bbd47fc00a2c39e90264f33305004495a9","hash":"d5f346a35bcebe2d5d3afdca8d48e2e2c21538a3"}
,"/Users/josesilva/aicavity/mosh/node.js/14.0.test-driven-dev/jose-test-dev/vidly/startup/config.js": {"path":"/Users/josesilva/aicavity/mosh/node.js/14.0.test-driven-dev/jose-test-dev/vidly/startup/config.js","statementMap":{"0":{"start":{"line":1,"column":15},"end":{"line":1,"column":32}},"1":{"start":{"line":3,"column":0},"end":{"line":9,"column":2}},"2":{"start":{"line":4,"column":2},"end":{"line":8,"column":3}},"3":{"start":{"line":6,"column":4},"end":{"line":6,"column":64}},"4":{"start":{"line":7,"column":4},"end":{"line":7,"column":20}}},"fnMap":{"0":{"name":"(anonymous_0)","decl":{"start":{"line":3,"column":17},"end":{"line":3,"column":18}},"loc":{"start":{"line":3,"column":29},"end":{"line":9,"column":1}},"line":3}},"branchMap":{"0":{"loc":{"start":{"line":4,"column":2},"end":{"line":8,"column":3}},"type":"if","locations":[{"start":{"line":4,"column":2},"end":{"line":8,"column":3}},{"start":{},"end":{}}],"line":4}},"s":{"0":3,"1":3,"2":3,"3":0,"4":0},"f":{"0":3},"b":{"0":[0,3]},"_coverageSchema":"1a1c01bbd47fc00a2c39e90264f33305004495a9","hash":"468bca8bc59999c7b183ebea28e592bb96741012"}
,"/Users/josesilva/aicavity/mosh/node.js/14.0.test-driven-dev/jose-test-dev/vidly/startup/db.js": {"path":"/Users/josesilva/aicavity/mosh/node.js/14.0.test-driven-dev/jose-test-dev/vidly/startup/db.js","statementMap":{"0":{"start":{"line":1,"column":16},"end":{"line":1,"column":34}},"1":{"start":{"line":2,"column":17},"end":{"line":2,"column":36}},"2":{"start":{"line":3,"column":15},"end":{"line":3,"column":32}},"3":{"start":{"line":5,"column":0},"end":{"line":13,"column":2}},"4":{"start":{"line":6,"column":13},"end":{"line":6,"column":29}},"5":{"start":{"line":7,"column":2},"end":{"line":9,"column":55}},"6":{"start":{"line":9,"column":16},"end":{"line":9,"column":53}}},"fnMap":{"0":{"name":"(anonymous_0)","decl":{"start":{"line":5,"column":17},"end":{"line":5,"column":18}},"loc":{"start":{"line":5,"column":29},"end":{"line":13,"column":1}},"line":5},"1":{"name":"(anonymous_1)","decl":{"start":{"line":9,"column":10},"end":{"line":9,"column":11}},"loc":{"start":{"line":9,"column":16},"end":{"line":9,"column":53}},"line":9}},"branchMap":{},"s":{"0":3,"1":3,"2":3,"3":3,"4":3,"5":3,"6":3},"f":{"0":3,"1":3},"b":{},"_coverageSchema":"1a1c01bbd47fc00a2c39e90264f33305004495a9","hash":"5cc8f98ea202ebd21a69e1fb1afbfea350022f46"}
,"/Users/josesilva/aicavity/mosh/node.js/14.0.test-driven-dev/jose-test-dev/vidly/startup/logging.js": {"path":"/Users/josesilva/aicavity/mosh/node.js/14.0.test-driven-dev/jose-test-dev/vidly/startup/logging.js","statementMap":{"0":{"start":{"line":5,"column":16},"end":{"line":5,"column":34}},"1":{"start":{"line":7,"column":0},"end":{"line":7,"column":32}},"2":{"start":{"line":9,"column":0},"end":{"line":61,"column":2}},"3":{"start":{"line":12,"column":2},"end":{"line":18,"column":5}},"4":{"start":{"line":14,"column":4},"end":{"line":16,"column":7}},"5":{"start":{"line":20,"column":2},"end":{"line":26,"column":5}},"6":{"start":{"line":22,"column":4},"end":{"line":24,"column":7}},"7":{"start":{"line":28,"column":27},"end":{"line":32,"column":4}},"8":{"start":{"line":34,"column":34},"end":{"line":40,"column":4}},"9":{"start":{"line":52,"column":2},"end":{"line":52,"column":32}},"10":{"start":{"line":53,"column":2},"end":{"line":53,"column":39}}},"fnMap":{"0":{"name":"(anonymous_0)","decl":{"start":{"line":9,"column":17},"end":{"line":9,"column":18}},"loc":{"start":{"line":9,"column":29},"end":{"line":61,"column":1}},"line":9},"1":{"name":"(anonymous_1)","decl":{"start":{"line":12,"column":34},"end":{"line":12,"column":35}},"loc":{"start":{"line":12,"column":42},"end":{"line":18,"column":3}},"line":12},"2":{"name":"(anonymous_2)","decl":{"start":{"line":20,"column":35},"end":{"line":20,"column":36}},"loc":{"start":{"line":20,"column":43},"end":{"line":26,"column":3}},"line":20}},"branchMap":{},"s":{"0":3,"1":3,"2":3,"3":3,"4":0,"5":3,"6":0,"7":3,"8":3,"9":3,"10":3},"f":{"0":3,"1":0,"2":0},"b":{},"_coverageSchema":"1a1c01bbd47fc00a2c39e90264f33305004495a9","hash":"46e3b9bbfe60d84cde8d0f71eca314cb28972d0a"}
,"/Users/josesilva/aicavity/mosh/node.js/14.0.test-driven-dev/jose-test-dev/vidly/startup/routes.js": {"path":"/Users/josesilva/aicavity/mosh/node.js/14.0.test-driven-dev/jose-test-dev/vidly/startup/routes.js","statementMap":{"0":{"start":{"line":1,"column":16},"end":{"line":1,"column":34}},"1":{"start":{"line":2,"column":15},"end":{"line":2,"column":42}},"2":{"start":{"line":3,"column":18},"end":{"line":3,"column":48}},"3":{"start":{"line":4,"column":15},"end":{"line":4,"column":42}},"4":{"start":{"line":5,"column":16},"end":{"line":5,"column":44}},"5":{"start":{"line":6,"column":14},"end":{"line":6,"column":40}},"6":{"start":{"line":7,"column":13},"end":{"line":7,"column":38}},"7":{"start":{"line":8,"column":16},"end":{"line":8,"column":44}},"8":{"start":{"line":9,"column":14},"end":{"line":9,"column":44}},"9":{"start":{"line":11,"column":0},"end":{"line":21,"column":2}},"10":{"start":{"line":12,"column":2},"end":{"line":12,"column":26}},"11":{"start":{"line":13,"column":2},"end":{"line":13,"column":33}},"12":{"start":{"line":14,"column":2},"end":{"line":14,"column":39}},"13":{"start":{"line":15,"column":2},"end":{"line":15,"column":33}},"14":{"start":{"line":16,"column":2},"end":{"line":16,"column":35}},"15":{"start":{"line":17,"column":2},"end":{"line":17,"column":31}},"16":{"start":{"line":18,"column":2},"end":{"line":18,"column":29}},"17":{"start":{"line":19,"column":2},"end":{"line":19,"column":35}},"18":{"start":{"line":20,"column":2},"end":{"line":20,"column":17}}},"fnMap":{"0":{"name":"(anonymous_0)","decl":{"start":{"line":11,"column":17},"end":{"line":11,"column":18}},"loc":{"start":{"line":11,"column":32},"end":{"line":21,"column":1}},"line":11}},"branchMap":{},"s":{"0":3,"1":3,"2":3,"3":3,"4":3,"5":3,"6":3,"7":3,"8":3,"9":3,"10":3,"11":3,"12":3,"13":3,"14":3,"15":3,"16":3,"17":3,"18":3},"f":{"0":3},"b":{},"_coverageSchema":"1a1c01bbd47fc00a2c39e90264f33305004495a9","hash":"65274c85680237fabb57a01f973ea93ef05783c7"}
,"/Users/josesilva/aicavity/mosh/node.js/14.0.test-driven-dev/jose-test-dev/vidly/startup/validation.js": {"path":"/Users/josesilva/aicavity/mosh/node.js/14.0.test-driven-dev/jose-test-dev/vidly/startup/validation.js","statementMap":{"0":{"start":{"line":1,"column":12},"end":{"line":1,"column":26}},"1":{"start":{"line":3,"column":0},"end":{"line":5,"column":2}},"2":{"start":{"line":4,"column":2},"end":{"line":4,"column":46}}},"fnMap":{"0":{"name":"(anonymous_0)","decl":{"start":{"line":3,"column":17},"end":{"line":3,"column":18}},"loc":{"start":{"line":3,"column":29},"end":{"line":5,"column":1}},"line":3}},"branchMap":{},"s":{"0":3,"1":3,"2":0},"f":{"0":0},"b":{},"_coverageSchema":"1a1c01bbd47fc00a2c39e90264f33305004495a9","hash":"c989eb216a5d02e402da1b46a828415a5a487adc"}
}
